<?xml version="1.0" encoding="UTF-8"?>
<testsuite name="ListingViewTest" tests="6" skipped="0" failures="0" errors="0" timestamp="2025-04-04T19:54:03" hostname="thinkpad-x1" time="0.029">
  <properties/>
  <testcase name="TC1()" classname="ListingViewTest" time="0.016"/>
  <testcase name="TC2()" classname="ListingViewTest" time="0.003"/>
  <testcase name="TC3()" classname="ListingViewTest" time="0.001"/>
  <testcase name="TC4()" classname="ListingViewTest" time="0.001"/>
  <testcase name="TC5()" classname="ListingViewTest" time="0.002"/>
  <testcase name="TC6()" classname="ListingViewTest" time="0.001"/>
  <system-out><![CDATA[]]></system-out>
  <system-err><![CDATA[]]></system-err>
</testsuite>
